 2022-07-14 19:49:55,578
 - MESSAGE: Entity Framework Core 6.0.5 initialized 'EcommerceSiteContext' using provider 'Microsoft.EntityFrameworkCore.SqlServer:6.0.5' with options: MigrationsAssembly=Ecommercetask.Data 
  2022-07-14 19:49:55,579
 - MESSAGE: Entity Framework Core 6.0.5 initialized 'EcommerceSiteContext' using provider 'Microsoft.EntityFrameworkCore.SqlServer:6.0.5' with options: MigrationsAssembly=Ecommercetask.Data 
  2022-07-14 19:49:55,591
 - MESSAGE: Executed DbCommand (1ms) [Parameters=[], CommandType='Text', CommandTimeout='30']
SELECT [p].[id], [p].[created_at], [p].[is_active], [p].[name], [p].[updated_at]
FROM [Product_category] AS [p]
  2022-07-14 19:49:55,593
 - MESSAGE: Executed DbCommand (2ms) [Parameters=[], CommandType='Text', CommandTimeout='30']
SELECT [p].[id] AS [Id], [p].[name] AS [Name], [p0].[name] AS [categoryname]
FROM [Product_subcategory] AS [p]
INNER JOIN [Product_category] AS [p0] ON [p].[category_id] = [p0].[id]
  2022-07-14 19:49:55,593
 - MESSAGE: Entity Framework Core 6.0.5 initialized 'EcommerceSiteContext' using provider 'Microsoft.EntityFrameworkCore.SqlServer:6.0.5' with options: MigrationsAssembly=Ecommercetask.Data 
  2022-07-14 19:49:55,594
 - MESSAGE: Executed DbCommand (0ms) [Parameters=[], CommandType='Text', CommandTimeout='30']
SELECT [p].[id], [p].[created_at], [p].[is_active], [p].[name], [p].[updated_at]
FROM [Product_category] AS [p]
  2022-07-14 19:49:56,214
 - MESSAGE: {"Message":"String reference not set to an instance of a String. (Parameter 's')","Code":"400","Path":"   at System.Text.Encoding.GetBytes(String s)\r\n   at Ecommercetask.Core.Handlers.UsersHandler.Command.RefreshToken.RefreshTokenHandler.GetPrincipalFromExpiredToken(String token) in C:\\Users\\R5\\Desktop\\EcommerceBackup\\Ecommercetask2\\Ecommercetask.Core\\Handlers\\UsersHandler\\Command\\RefreshToken\\RefreshTokenCommand.cs:line 89\r\n   at Ecommercetask.Core.Handlers.UsersHandler.Command.RefreshToken.RefreshTokenHandler.Handle(RefreshTokenCommand command, CancellationToken cancellationToken) in C:\\Users\\R5\\Desktop\\EcommerceBackup\\Ecommercetask2\\Ecommercetask.Core\\Handlers\\UsersHandler\\Command\\RefreshToken\\RefreshTokenCommand.cs:line 47\r\n   at MediatR.Pipeline.RequestExceptionProcessorBehavior`2.Handle(TRequest request, CancellationToken cancellationToken, RequestHandlerDelegate`1 next)\r\n   at MediatR.Pipeline.RequestExceptionProcessorBehavior`2.Handle(TRequest request, CancellationToken cancellationToken, RequestHandlerDelegate`1 next)\r\n   at MediatR.Pipeline.RequestExceptionActionProcessorBehavior`2.Handle(TRequest request, CancellationToken cancellationToken, RequestHandlerDelegate`1 next)\r\n   at MediatR.Pipeline.RequestExceptionActionProcessorBehavior`2.Handle(TRequest request, CancellationToken cancellationToken, RequestHandlerDelegate`1 next)\r\n   at MediatR.Pipeline.RequestPostProcessorBehavior`2.Handle(TRequest request, CancellationToken cancellationToken, RequestHandlerDelegate`1 next)\r\n   at MediatR.Pipeline.RequestPreProcessorBehavior`2.Handle(TRequest request, CancellationToken cancellationToken, RequestHandlerDelegate`1 next)\r\n   at Ecommercetask.Controllers.UsersController.RefreshToken(TokenModel tokenModel, CancellationToken ct) in C:\\Users\\R5\\Desktop\\EcommerceBackup\\Ecommercetask2\\Ecommercetask\\Controllers\\UsersController.cs:line 94\r\n   at Microsoft.AspNetCore.Mvc.Infrastructure.ActionMethodExecutor.TaskOfIActionResultExecutor.Execute(IActionResultTypeMapper mapper, ObjectMethodExecutor executor, Object controller, Object[] arguments)\r\n   at Microsoft.AspNetCore.Mvc.Infrastructure.ControllerActionInvoker.<InvokeActionMethodAsync>g__Awaited|12_0(ControllerActionInvoker invoker, ValueTask`1 actionResultValueTask)\r\n   at Microsoft.AspNetCore.Mvc.Infrastructure.ControllerActionInvoker.<InvokeNextActionFilterAsync>g__Awaited|10_0(ControllerActionInvoker invoker, Task lastTask, State next, Scope scope, Object state, Boolean isCompleted)\r\n   at Microsoft.AspNetCore.Mvc.Infrastructure.ControllerActionInvoker.Rethrow(ActionExecutedContextSealed context)\r\n   at Microsoft.AspNetCore.Mvc.Infrastructure.ControllerActionInvoker.Next(State& next, Scope& scope, Object& state, Boolean& isCompleted)\r\n   at Microsoft.AspNetCore.Mvc.Infrastructure.ControllerActionInvoker.InvokeInnerFilterAsync()\r\n--- End of stack trace from previous location ---\r\n   at Microsoft.AspNetCore.Mvc.Infrastructure.ResourceInvoker.<InvokeFilterPipelineAsync>g__Awaited|20_0(ResourceInvoker invoker, Task lastTask, State next, Scope scope, Object state, Boolean isCompleted)\r\n   at Microsoft.AspNetCore.Mvc.Infrastructure.ResourceInvoker.<InvokeAsync>g__Awaited|17_0(ResourceInvoker invoker, Task task, IDisposable scope)\r\n   at Microsoft.AspNetCore.Mvc.Infrastructure.ResourceInvoker.<InvokeAsync>g__Awaited|17_0(ResourceInvoker invoker, Task task, IDisposable scope)\r\n   at Microsoft.AspNetCore.Routing.EndpointMiddleware.<Invoke>g__AwaitRequestTask|6_0(Endpoint endpoint, Task requestTask, ILogger logger)\r\n   at Microsoft.AspNetCore.Authorization.AuthorizationMiddleware.Invoke(HttpContext context)\r\n   at Microsoft.AspNetCore.Authentication.AuthenticationMiddleware.Invoke(HttpContext context)\r\n   at Ecommercetask.Middleware.ExceptionHandlingMiddleware.Invoke(HttpContext context, ILogger`1 logger) in C:\\Users\\R5\\Desktop\\EcommerceBackup\\Ecommercetask2\\Ecommercetask\\Middleware\\ExceptionHandlingMiddleware.cs:line 19"}
  2022-07-14 19:49:56,219
 - MESSAGE: Entity Framework Core 6.0.5 initialized 'EcommerceSiteContext' using provider 'Microsoft.EntityFrameworkCore.SqlServer:6.0.5' with options: MigrationsAssembly=Ecommercetask.Data 
  2022-07-14 19:49:56,220
 - MESSAGE: Entity Framework Core 6.0.5 initialized 'EcommerceSiteContext' using provider 'Microsoft.EntityFrameworkCore.SqlServer:6.0.5' with options: MigrationsAssembly=Ecommercetask.Data 
  2022-07-14 19:49:56,220
 - MESSAGE: Executed DbCommand (1ms) [Parameters=[], CommandType='Text', CommandTimeout='30']
SELECT [p].[id], [p].[created_at], [p].[is_active], [p].[name], [p].[updated_at]
FROM [Product_category] AS [p]
  2022-07-14 19:49:56,221
 - MESSAGE: Executed DbCommand (1ms) [Parameters=[], CommandType='Text', CommandTimeout='30']
SELECT [p].[id], [p].[brand], [p].[created_at], [p].[description], [p].[image], [p].[is_active], [p].[price], [p].[product_name], [p].[product_subcategory_id], [p].[quantity], [p].[updated_at], [p].[user_id]
FROM [Product] AS [p]
  2022-07-14 19:49:56,869
 - MESSAGE: {"Message":"String reference not set to an instance of a String. (Parameter 's')","Code":"400","Path":"   at System.Text.Encoding.GetBytes(String s)\r\n   at Ecommercetask.Core.Handlers.UsersHandler.Command.RefreshToken.RefreshTokenHandler.GetPrincipalFromExpiredToken(String token) in C:\\Users\\R5\\Desktop\\EcommerceBackup\\Ecommercetask2\\Ecommercetask.Core\\Handlers\\UsersHandler\\Command\\RefreshToken\\RefreshTokenCommand.cs:line 89\r\n   at Ecommercetask.Core.Handlers.UsersHandler.Command.RefreshToken.RefreshTokenHandler.Handle(RefreshTokenCommand command, CancellationToken cancellationToken) in C:\\Users\\R5\\Desktop\\EcommerceBackup\\Ecommercetask2\\Ecommercetask.Core\\Handlers\\UsersHandler\\Command\\RefreshToken\\RefreshTokenCommand.cs:line 47\r\n   at MediatR.Pipeline.RequestExceptionProcessorBehavior`2.Handle(TRequest request, CancellationToken cancellationToken, RequestHandlerDelegate`1 next)\r\n   at MediatR.Pipeline.RequestExceptionProcessorBehavior`2.Handle(TRequest request, CancellationToken cancellationToken, RequestHandlerDelegate`1 next)\r\n   at MediatR.Pipeline.RequestExceptionActionProcessorBehavior`2.Handle(TRequest request, CancellationToken cancellationToken, RequestHandlerDelegate`1 next)\r\n   at MediatR.Pipeline.RequestExceptionActionProcessorBehavior`2.Handle(TRequest request, CancellationToken cancellationToken, RequestHandlerDelegate`1 next)\r\n   at MediatR.Pipeline.RequestPostProcessorBehavior`2.Handle(TRequest request, CancellationToken cancellationToken, RequestHandlerDelegate`1 next)\r\n   at MediatR.Pipeline.RequestPreProcessorBehavior`2.Handle(TRequest request, CancellationToken cancellationToken, RequestHandlerDelegate`1 next)\r\n   at Ecommercetask.Controllers.UsersController.RefreshToken(TokenModel tokenModel, CancellationToken ct) in C:\\Users\\R5\\Desktop\\EcommerceBackup\\Ecommercetask2\\Ecommercetask\\Controllers\\UsersController.cs:line 94\r\n   at Microsoft.AspNetCore.Mvc.Infrastructure.ActionMethodExecutor.TaskOfIActionResultExecutor.Execute(IActionResultTypeMapper mapper, ObjectMethodExecutor executor, Object controller, Object[] arguments)\r\n   at Microsoft.AspNetCore.Mvc.Infrastructure.ControllerActionInvoker.<InvokeActionMethodAsync>g__Awaited|12_0(ControllerActionInvoker invoker, ValueTask`1 actionResultValueTask)\r\n   at Microsoft.AspNetCore.Mvc.Infrastructure.ControllerActionInvoker.<InvokeNextActionFilterAsync>g__Awaited|10_0(ControllerActionInvoker invoker, Task lastTask, State next, Scope scope, Object state, Boolean isCompleted)\r\n   at Microsoft.AspNetCore.Mvc.Infrastructure.ControllerActionInvoker.Rethrow(ActionExecutedContextSealed context)\r\n   at Microsoft.AspNetCore.Mvc.Infrastructure.ControllerActionInvoker.Next(State& next, Scope& scope, Object& state, Boolean& isCompleted)\r\n   at Microsoft.AspNetCore.Mvc.Infrastructure.ControllerActionInvoker.InvokeInnerFilterAsync()\r\n--- End of stack trace from previous location ---\r\n   at Microsoft.AspNetCore.Mvc.Infrastructure.ResourceInvoker.<InvokeFilterPipelineAsync>g__Awaited|20_0(ResourceInvoker invoker, Task lastTask, State next, Scope scope, Object state, Boolean isCompleted)\r\n   at Microsoft.AspNetCore.Mvc.Infrastructure.ResourceInvoker.<InvokeAsync>g__Awaited|17_0(ResourceInvoker invoker, Task task, IDisposable scope)\r\n   at Microsoft.AspNetCore.Mvc.Infrastructure.ResourceInvoker.<InvokeAsync>g__Awaited|17_0(ResourceInvoker invoker, Task task, IDisposable scope)\r\n   at Microsoft.AspNetCore.Routing.EndpointMiddleware.<Invoke>g__AwaitRequestTask|6_0(Endpoint endpoint, Task requestTask, ILogger logger)\r\n   at Microsoft.AspNetCore.Authorization.AuthorizationMiddleware.Invoke(HttpContext context)\r\n   at Microsoft.AspNetCore.Authentication.AuthenticationMiddleware.Invoke(HttpContext context)\r\n   at Ecommercetask.Middleware.ExceptionHandlingMiddleware.Invoke(HttpContext context, ILogger`1 logger) in C:\\Users\\R5\\Desktop\\EcommerceBackup\\Ecommercetask2\\Ecommercetask\\Middleware\\ExceptionHandlingMiddleware.cs:line 19"}
  2022-07-14 19:49:56,873
 - MESSAGE: Entity Framework Core 6.0.5 initialized 'EcommerceSiteContext' using provider 'Microsoft.EntityFrameworkCore.SqlServer:6.0.5' with options: MigrationsAssembly=Ecommercetask.Data 
  2022-07-14 19:49:56,874
 - MESSAGE: Executed DbCommand (1ms) [Parameters=[], CommandType='Text', CommandTimeout='30']
SELECT [o].[id], [o].[created_at], [o].[total_amount], [o].[total_discount], [o].[updated_at], [o].[user_id]
FROM [Order] AS [o]
  2022-07-14 19:50:05,728
 - MESSAGE: {"Message":"String reference not set to an instance of a String. (Parameter 's')","Code":"400","Path":"   at System.Text.Encoding.GetBytes(String s)\r\n   at Ecommercetask.Core.Handlers.UsersHandler.Command.RefreshToken.RefreshTokenHandler.GetPrincipalFromExpiredToken(String token) in C:\\Users\\R5\\Desktop\\EcommerceBackup\\Ecommercetask2\\Ecommercetask.Core\\Handlers\\UsersHandler\\Command\\RefreshToken\\RefreshTokenCommand.cs:line 89\r\n   at Ecommercetask.Core.Handlers.UsersHandler.Command.RefreshToken.RefreshTokenHandler.Handle(RefreshTokenCommand command, CancellationToken cancellationToken) in C:\\Users\\R5\\Desktop\\EcommerceBackup\\Ecommercetask2\\Ecommercetask.Core\\Handlers\\UsersHandler\\Command\\RefreshToken\\RefreshTokenCommand.cs:line 47\r\n   at MediatR.Pipeline.RequestExceptionProcessorBehavior`2.Handle(TRequest request, CancellationToken cancellationToken, RequestHandlerDelegate`1 next)\r\n   at MediatR.Pipeline.RequestExceptionProcessorBehavior`2.Handle(TRequest request, CancellationToken cancellationToken, RequestHandlerDelegate`1 next)\r\n   at MediatR.Pipeline.RequestExceptionActionProcessorBehavior`2.Handle(TRequest request, CancellationToken cancellationToken, RequestHandlerDelegate`1 next)\r\n   at MediatR.Pipeline.RequestExceptionActionProcessorBehavior`2.Handle(TRequest request, CancellationToken cancellationToken, RequestHandlerDelegate`1 next)\r\n   at MediatR.Pipeline.RequestPostProcessorBehavior`2.Handle(TRequest request, CancellationToken cancellationToken, RequestHandlerDelegate`1 next)\r\n   at MediatR.Pipeline.RequestPreProcessorBehavior`2.Handle(TRequest request, CancellationToken cancellationToken, RequestHandlerDelegate`1 next)\r\n   at Ecommercetask.Controllers.UsersController.RefreshToken(TokenModel tokenModel, CancellationToken ct) in C:\\Users\\R5\\Desktop\\EcommerceBackup\\Ecommercetask2\\Ecommercetask\\Controllers\\UsersController.cs:line 94\r\n   at Microsoft.AspNetCore.Mvc.Infrastructure.ActionMethodExecutor.TaskOfIActionResultExecutor.Execute(IActionResultTypeMapper mapper, ObjectMethodExecutor executor, Object controller, Object[] arguments)\r\n   at Microsoft.AspNetCore.Mvc.Infrastructure.ControllerActionInvoker.<InvokeActionMethodAsync>g__Awaited|12_0(ControllerActionInvoker invoker, ValueTask`1 actionResultValueTask)\r\n   at Microsoft.AspNetCore.Mvc.Infrastructure.ControllerActionInvoker.<InvokeNextActionFilterAsync>g__Awaited|10_0(ControllerActionInvoker invoker, Task lastTask, State next, Scope scope, Object state, Boolean isCompleted)\r\n   at Microsoft.AspNetCore.Mvc.Infrastructure.ControllerActionInvoker.Rethrow(ActionExecutedContextSealed context)\r\n   at Microsoft.AspNetCore.Mvc.Infrastructure.ControllerActionInvoker.Next(State& next, Scope& scope, Object& state, Boolean& isCompleted)\r\n   at Microsoft.AspNetCore.Mvc.Infrastructure.ControllerActionInvoker.InvokeInnerFilterAsync()\r\n--- End of stack trace from previous location ---\r\n   at Microsoft.AspNetCore.Mvc.Infrastructure.ResourceInvoker.<InvokeFilterPipelineAsync>g__Awaited|20_0(ResourceInvoker invoker, Task lastTask, State next, Scope scope, Object state, Boolean isCompleted)\r\n   at Microsoft.AspNetCore.Mvc.Infrastructure.ResourceInvoker.<InvokeAsync>g__Awaited|17_0(ResourceInvoker invoker, Task task, IDisposable scope)\r\n   at Microsoft.AspNetCore.Mvc.Infrastructure.ResourceInvoker.<InvokeAsync>g__Awaited|17_0(ResourceInvoker invoker, Task task, IDisposable scope)\r\n   at Microsoft.AspNetCore.Routing.EndpointMiddleware.<Invoke>g__AwaitRequestTask|6_0(Endpoint endpoint, Task requestTask, ILogger logger)\r\n   at Microsoft.AspNetCore.Authorization.AuthorizationMiddleware.Invoke(HttpContext context)\r\n   at Microsoft.AspNetCore.Authentication.AuthenticationMiddleware.Invoke(HttpContext context)\r\n   at Ecommercetask.Middleware.ExceptionHandlingMiddleware.Invoke(HttpContext context, ILogger`1 logger) in C:\\Users\\R5\\Desktop\\EcommerceBackup\\Ecommercetask2\\Ecommercetask\\Middleware\\ExceptionHandlingMiddleware.cs:line 19"}
  2022-07-14 19:50:05,736
 - MESSAGE: Entity Framework Core 6.0.5 initialized 'EcommerceSiteContext' using provider 'Microsoft.EntityFrameworkCore.SqlServer:6.0.5' with options: MigrationsAssembly=Ecommercetask.Data 
  2022-07-14 19:50:05,738
 - MESSAGE: Executed DbCommand (1ms) [Parameters=[], CommandType='Text', CommandTimeout='30']
SELECT [o].[id], [o].[created_at], [o].[total_amount], [o].[total_discount], [o].[updated_at], [o].[user_id]
FROM [Order] AS [o]
  2022-07-14 19:56:34,621
 - MESSAGE: Entity Framework Core 6.0.5 initialized 'EcommerceSiteContext' using provider 'Microsoft.EntityFrameworkCore.SqlServer:6.0.5' with options: MigrationsAssembly=Ecommercetask.Data 
  2022-07-14 19:56:34,628
 - MESSAGE: Executed DbCommand (1ms) [Parameters=[], CommandType='Text', CommandTimeout='30']
SELECT [p].[id], [p].[created_at], [p].[is_active], [p].[name], [p].[updated_at]
FROM [Product_category] AS [p]
  2022-07-14 19:56:37,698
 - MESSAGE: Entity Framework Core 6.0.5 initialized 'EcommerceSiteContext' using provider 'Microsoft.EntityFrameworkCore.SqlServer:6.0.5' with options: MigrationsAssembly=Ecommercetask.Data 
  2022-07-14 19:56:37,704
 - MESSAGE: Executed DbCommand (2ms) [Parameters=[@__request_Category_Id_0='?' (DbType = Int32)], CommandType='Text', CommandTimeout='30']
SELECT [p].[id], [p].[category_id], [p].[created_at], [p].[name], [p].[updated_at]
FROM [Product_subcategory] AS [p]
WHERE [p].[category_id] = @__request_Category_Id_0
  2022-07-14 19:56:38,612
 - MESSAGE: Entity Framework Core 6.0.5 initialized 'EcommerceSiteContext' using provider 'Microsoft.EntityFrameworkCore.SqlServer:6.0.5' with options: MigrationsAssembly=Ecommercetask.Data 
  2022-07-14 19:56:38,612
 - MESSAGE: Executed DbCommand (0ms) [Parameters=[@__request_Category_Id_0='?' (DbType = Int32)], CommandType='Text', CommandTimeout='30']
SELECT [p].[id], [p].[category_id], [p].[created_at], [p].[name], [p].[updated_at]
FROM [Product_subcategory] AS [p]
WHERE [p].[category_id] = @__request_Category_Id_0
  2022-07-14 19:56:38,957
 - MESSAGE: Entity Framework Core 6.0.5 initialized 'EcommerceSiteContext' using provider 'Microsoft.EntityFrameworkCore.SqlServer:6.0.5' with options: MigrationsAssembly=Ecommercetask.Data 
  2022-07-14 19:56:38,957
 - MESSAGE: Executed DbCommand (0ms) [Parameters=[@__request_Category_Id_0='?' (DbType = Int32)], CommandType='Text', CommandTimeout='30']
SELECT [p].[id], [p].[category_id], [p].[created_at], [p].[name], [p].[updated_at]
FROM [Product_subcategory] AS [p]
WHERE [p].[category_id] = @__request_Category_Id_0
  2022-07-14 19:56:39,612
 - MESSAGE: Entity Framework Core 6.0.5 initialized 'EcommerceSiteContext' using provider 'Microsoft.EntityFrameworkCore.SqlServer:6.0.5' with options: MigrationsAssembly=Ecommercetask.Data 
  2022-07-14 19:56:39,613
 - MESSAGE: Executed DbCommand (0ms) [Parameters=[@__request_Category_Id_0='?' (DbType = Int32)], CommandType='Text', CommandTimeout='30']
SELECT [p].[id], [p].[category_id], [p].[created_at], [p].[name], [p].[updated_at]
FROM [Product_subcategory] AS [p]
WHERE [p].[category_id] = @__request_Category_Id_0
  2022-07-14 19:56:40,913
 - MESSAGE: Entity Framework Core 6.0.5 initialized 'EcommerceSiteContext' using provider 'Microsoft.EntityFrameworkCore.SqlServer:6.0.5' with options: MigrationsAssembly=Ecommercetask.Data 
  2022-07-14 19:56:40,916
 - MESSAGE: Executed DbCommand (1ms) [Parameters=[@__request_Product_Subcategory_Id_0='?' (DbType = Int32)], CommandType='Text', CommandTimeout='30']
SELECT [p].[id], [p].[brand], [p].[created_at], [p].[description], [p].[image], [p].[is_active], [p].[price], [p].[product_name], [p].[product_subcategory_id], [p].[quantity], [p].[updated_at], [p].[user_id]
FROM [Product] AS [p]
WHERE [p].[product_subcategory_id] = @__request_Product_Subcategory_Id_0
  2022-07-14 19:56:57,035
 - MESSAGE: Entity Framework Core 6.0.5 initialized 'EcommerceSiteContext' using provider 'Microsoft.EntityFrameworkCore.SqlServer:6.0.5' with options: MigrationsAssembly=Ecommercetask.Data 
  2022-07-14 19:56:57,037
 - MESSAGE: Executed DbCommand (2ms) [Parameters=[@__normalizedEmail_0='?' (Size = 256)], CommandType='Text', CommandTimeout='30']
SELECT TOP(2) [u].[Id], [u].[AccessFailedCount], [u].[Age], [u].[ConcurrencyStamp], [u].[Email], [u].[EmailConfirmed], [u].[Gender], [u].[LockoutEnabled], [u].[LockoutEnd], [u].[NormalizedEmail], [u].[NormalizedUserName], [u].[PasswordHash], [u].[PhoneNumber], [u].[PhoneNumberConfirmed], [u].[RefreshToken], [u].[RefreshTokenExpiryTime], [u].[SecurityStamp], [u].[TwoFactorEnabled], [u].[UserName]
FROM [Users] AS [u]
WHERE [u].[NormalizedEmail] = @__normalizedEmail_0
  2022-07-14 19:56:57,047
 - MESSAGE: Executed DbCommand (3ms) [Parameters=[@__userId_0='?' (DbType = Int32)], CommandType='Text', CommandTimeout='30']
SELECT [a0].[Name]
FROM [AspNetUserRoles] AS [a]
INNER JOIN [AspNetRoles] AS [a0] ON [a].[RoleId] = [a0].[Id]
WHERE [a].[UserId] = @__userId_0
  2022-07-14 19:56:57,049
 - MESSAGE: Executed DbCommand (1ms) [Parameters=[@__normalizedUserName_0='?' (Size = 256)], CommandType='Text', CommandTimeout='30']
SELECT TOP(1) [u].[Id], [u].[AccessFailedCount], [u].[Age], [u].[ConcurrencyStamp], [u].[Email], [u].[EmailConfirmed], [u].[Gender], [u].[LockoutEnabled], [u].[LockoutEnd], [u].[NormalizedEmail], [u].[NormalizedUserName], [u].[PasswordHash], [u].[PhoneNumber], [u].[PhoneNumberConfirmed], [u].[RefreshToken], [u].[RefreshTokenExpiryTime], [u].[SecurityStamp], [u].[TwoFactorEnabled], [u].[UserName]
FROM [Users] AS [u]
WHERE [u].[NormalizedUserName] = @__normalizedUserName_0
  2022-07-14 19:56:57,055
 - MESSAGE: Executed DbCommand (4ms) [Parameters=[@p18='?' (DbType = Int32), @p0='?' (DbType = Int32), @p1='?' (DbType = Int32), @p2='?' (Size = 4000), @p19='?' (Size = 4000), @p3='?' (Size = 256), @p4='?' (DbType = Boolean), @p5='?' (Size = 4000), @p6='?' (DbType = Boolean), @p7='?' (DbType = DateTimeOffset), @p8='?' (Size = 256), @p9='?' (Size = 256), @p10='?' (Size = 4000), @p11='?' (Size = 4000), @p12='?' (DbType = Boolean), @p13='?' (Size = 4000), @p14='?' (DbType = DateTime2), @p15='?' (Size = 4000), @p16='?' (DbType = Boolean), @p17='?' (Size = 256)], CommandType='Text', CommandTimeout='30']
SET NOCOUNT ON;
UPDATE [Users] SET [AccessFailedCount] = @p0, [Age] = @p1, [ConcurrencyStamp] = @p2, [Email] = @p3, [EmailConfirmed] = @p4, [Gender] = @p5, [LockoutEnabled] = @p6, [LockoutEnd] = @p7, [NormalizedEmail] = @p8, [NormalizedUserName] = @p9, [PasswordHash] = @p10, [PhoneNumber] = @p11, [PhoneNumberConfirmed] = @p12, [RefreshToken] = @p13, [RefreshTokenExpiryTime] = @p14, [SecurityStamp] = @p15, [TwoFactorEnabled] = @p16, [UserName] = @p17
WHERE [Id] = @p18 AND [ConcurrencyStamp] = @p19;
SELECT @@ROWCOUNT;
  2022-07-14 19:56:57,064
 - MESSAGE: Entity Framework Core 6.0.5 initialized 'EcommerceSiteContext' using provider 'Microsoft.EntityFrameworkCore.SqlServer:6.0.5' with options: MigrationsAssembly=Ecommercetask.Data 
  2022-07-14 19:56:57,064
 - MESSAGE: Entity Framework Core 6.0.5 initialized 'EcommerceSiteContext' using provider 'Microsoft.EntityFrameworkCore.SqlServer:6.0.5' with options: MigrationsAssembly=Ecommercetask.Data 
  2022-07-14 19:56:57,065
 - MESSAGE: Executed DbCommand (1ms) [Parameters=[], CommandType='Text', CommandTimeout='30']
SELECT [p].[id], [p].[created_at], [p].[is_active], [p].[name], [p].[updated_at]
FROM [Product_category] AS [p]
  2022-07-14 19:56:57,068
 - MESSAGE: Executed DbCommand (1ms) [Parameters=[@__request_Email_0='?' (Size = 256)], CommandType='Text', CommandTimeout='30']
SELECT TOP(1) [u].[Id], [u].[AccessFailedCount], [u].[Age], [u].[ConcurrencyStamp], [u].[Email], [u].[EmailConfirmed], [u].[Gender], [u].[LockoutEnabled], [u].[LockoutEnd], [u].[NormalizedEmail], [u].[NormalizedUserName], [u].[PasswordHash], [u].[PhoneNumber], [u].[PhoneNumberConfirmed], [u].[RefreshToken], [u].[RefreshTokenExpiryTime], [u].[SecurityStamp], [u].[TwoFactorEnabled], [u].[UserName]
FROM [Users] AS [u]
WHERE [u].[Email] = @__request_Email_0
  2022-07-14 19:57:00,756
 - MESSAGE: Entity Framework Core 6.0.5 initialized 'EcommerceSiteContext' using provider 'Microsoft.EntityFrameworkCore.SqlServer:6.0.5' with options: MigrationsAssembly=Ecommercetask.Data 
  2022-07-14 19:57:00,757
 - MESSAGE: Executed DbCommand (0ms) [Parameters=[@__request_Category_Id_0='?' (DbType = Int32)], CommandType='Text', CommandTimeout='30']
SELECT [p].[id], [p].[category_id], [p].[created_at], [p].[name], [p].[updated_at]
FROM [Product_subcategory] AS [p]
WHERE [p].[category_id] = @__request_Category_Id_0
  2022-07-14 19:57:01,612
 - MESSAGE: Entity Framework Core 6.0.5 initialized 'EcommerceSiteContext' using provider 'Microsoft.EntityFrameworkCore.SqlServer:6.0.5' with options: MigrationsAssembly=Ecommercetask.Data 
  2022-07-14 19:57:01,613
 - MESSAGE: Executed DbCommand (0ms) [Parameters=[@__request_Product_Subcategory_Id_0='?' (DbType = Int32)], CommandType='Text', CommandTimeout='30']
SELECT [p].[id], [p].[brand], [p].[created_at], [p].[description], [p].[image], [p].[is_active], [p].[price], [p].[product_name], [p].[product_subcategory_id], [p].[quantity], [p].[updated_at], [p].[user_id]
FROM [Product] AS [p]
WHERE [p].[product_subcategory_id] = @__request_Product_Subcategory_Id_0
  2022-07-14 19:57:07,329
 - MESSAGE: Entity Framework Core 6.0.5 initialized 'EcommerceSiteContext' using provider 'Microsoft.EntityFrameworkCore.SqlServer:6.0.5' with options: MigrationsAssembly=Ecommercetask.Data 
  2022-07-14 19:57:07,335
 - MESSAGE: Executed DbCommand (1ms) [Parameters=[@__request_Id_0='?' (DbType = Int32)], CommandType='Text', CommandTimeout='30']
SELECT TOP(1) [p].[id], [p].[brand], [p].[created_at], [p].[description], [p].[image], [p].[is_active], [p].[price], [p].[product_name], [p].[product_subcategory_id], [p].[quantity], [p].[updated_at], [p].[user_id]
FROM [Product] AS [p]
WHERE [p].[id] = @__request_Id_0
  2022-07-14 19:57:17,984
 - MESSAGE: Entity Framework Core 6.0.5 initialized 'EcommerceSiteContext' using provider 'Microsoft.EntityFrameworkCore.SqlServer:6.0.5' with options: MigrationsAssembly=Ecommercetask.Data 
  2022-07-14 19:57:17,985
 - MESSAGE: Executed DbCommand (0ms) [Parameters=[], CommandType='Text', CommandTimeout='30']
SELECT [p].[id], [p].[created_at], [p].[is_active], [p].[name], [p].[updated_at]
FROM [Product_category] AS [p]
  2022-07-14 19:57:18,851
 - MESSAGE: Entity Framework Core 6.0.5 initialized 'EcommerceSiteContext' using provider 'Microsoft.EntityFrameworkCore.SqlServer:6.0.5' with options: MigrationsAssembly=Ecommercetask.Data 
  2022-07-14 19:57:18,852
 - MESSAGE: Executed DbCommand (0ms) [Parameters=[@__request_Category_Id_0='?' (DbType = Int32)], CommandType='Text', CommandTimeout='30']
SELECT [p].[id], [p].[category_id], [p].[created_at], [p].[name], [p].[updated_at]
FROM [Product_subcategory] AS [p]
WHERE [p].[category_id] = @__request_Category_Id_0
  2022-07-14 19:57:20,029
 - MESSAGE: Entity Framework Core 6.0.5 initialized 'EcommerceSiteContext' using provider 'Microsoft.EntityFrameworkCore.SqlServer:6.0.5' with options: MigrationsAssembly=Ecommercetask.Data 
  2022-07-14 19:57:20,030
 - MESSAGE: Executed DbCommand (0ms) [Parameters=[@__request_Product_Subcategory_Id_0='?' (DbType = Int32)], CommandType='Text', CommandTimeout='30']
SELECT [p].[id], [p].[brand], [p].[created_at], [p].[description], [p].[image], [p].[is_active], [p].[price], [p].[product_name], [p].[product_subcategory_id], [p].[quantity], [p].[updated_at], [p].[user_id]
FROM [Product] AS [p]
WHERE [p].[product_subcategory_id] = @__request_Product_Subcategory_Id_0
  2022-07-14 19:57:21,463
 - MESSAGE: Entity Framework Core 6.0.5 initialized 'EcommerceSiteContext' using provider 'Microsoft.EntityFrameworkCore.SqlServer:6.0.5' with options: MigrationsAssembly=Ecommercetask.Data 
  2022-07-14 19:57:21,463
 - MESSAGE: Executed DbCommand (0ms) [Parameters=[@__request_Id_0='?' (DbType = Int32)], CommandType='Text', CommandTimeout='30']
SELECT TOP(1) [p].[id], [p].[brand], [p].[created_at], [p].[description], [p].[image], [p].[is_active], [p].[price], [p].[product_name], [p].[product_subcategory_id], [p].[quantity], [p].[updated_at], [p].[user_id]
FROM [Product] AS [p]
WHERE [p].[id] = @__request_Id_0
  2022-07-14 19:57:24,515
 - MESSAGE: Entity Framework Core 6.0.5 initialized 'EcommerceSiteContext' using provider 'Microsoft.EntityFrameworkCore.SqlServer:6.0.5' with options: MigrationsAssembly=Ecommercetask.Data 
  2022-07-14 19:57:24,522
 - MESSAGE: Executed DbCommand (4ms) [Parameters=[@__request_User_Id_0='?' (DbType = Int32)], CommandType='Text', CommandTimeout='30']
SELECT [p].[id], [p].[created_at], [p].[is_active], [p].[price], [p].[product_id], [p].[quantity], [p].[updated_at], [p].[user_id]
FROM [Product_cart] AS [p]
WHERE [p].[user_id] = @__request_User_Id_0
  2022-07-14 19:57:24,535
 - MESSAGE: Executed DbCommand (2ms) [Parameters=[@__cart_Product_Id_0='?' (DbType = Int32)], CommandType='Text', CommandTimeout='30']
SELECT TOP(1) [p].[image]
FROM [Product] AS [p]
WHERE [p].[id] = @__cart_Product_Id_0
  2022-07-14 19:57:24,537
 - MESSAGE: Executed DbCommand (1ms) [Parameters=[@__cart_Product_Id_0='?' (DbType = Int32)], CommandType='Text', CommandTimeout='30']
SELECT TOP(1) [p].[product_name]
FROM [Product] AS [p]
WHERE [p].[id] = @__cart_Product_Id_0
  2022-07-14 19:59:17,461
 - MESSAGE: Entity Framework Core 6.0.5 initialized 'EcommerceSiteContext' using provider 'Microsoft.EntityFrameworkCore.SqlServer:6.0.5' with options: MigrationsAssembly=Ecommercetask.Data 
  2022-07-14 19:59:17,464
 - MESSAGE: Executed DbCommand (2ms) [Parameters=[@__request_User_Id_0='?' (DbType = Int32)], CommandType='Text', CommandTimeout='30']
SELECT [p].[id], [p].[created_at], [p].[is_active], [p].[price], [p].[product_id], [p].[quantity], [p].[updated_at], [p].[user_id]
FROM [Product_cart] AS [p]
WHERE [p].[user_id] = @__request_User_Id_0
  2022-07-14 19:59:17,465
 - MESSAGE: Executed DbCommand (1ms) [Parameters=[@__cart_Product_Id_0='?' (DbType = Int32)], CommandType='Text', CommandTimeout='30']
SELECT TOP(1) [p].[image]
FROM [Product] AS [p]
WHERE [p].[id] = @__cart_Product_Id_0
  2022-07-14 19:59:17,467
 - MESSAGE: Executed DbCommand (1ms) [Parameters=[@__cart_Product_Id_0='?' (DbType = Int32)], CommandType='Text', CommandTimeout='30']
SELECT TOP(1) [p].[product_name]
FROM [Product] AS [p]
WHERE [p].[id] = @__cart_Product_Id_0
  2022-07-14 20:00:02,808
 - MESSAGE: Entity Framework Core 6.0.5 initialized 'EcommerceSiteContext' using provider 'Microsoft.EntityFrameworkCore.SqlServer:6.0.5' with options: MigrationsAssembly=Ecommercetask.Data 
  2022-07-14 20:00:02,849
 - MESSAGE: Executed DbCommand (9ms) [Parameters=[@p0='?' (DbType = DateTime), @p1='?' (Precision = 10) (Scale = 3) (DbType = Decimal), @p2='?' (Precision = 10) (Scale = 3) (DbType = Decimal), @p3='?' (DbType = DateTime), @p4='?' (DbType = Int32)], CommandType='Text', CommandTimeout='30']
SET NOCOUNT ON;
INSERT INTO [Order] ([created_at], [total_amount], [total_discount], [updated_at], [user_id])
VALUES (@p0, @p1, @p2, @p3, @p4);
SELECT [id]
FROM [Order]
WHERE @@ROWCOUNT = 1 AND [id] = scope_identity();
  2022-07-14 20:00:04,415
 - MESSAGE: Entity Framework Core 6.0.5 initialized 'EcommerceSiteContext' using provider 'Microsoft.EntityFrameworkCore.SqlServer:6.0.5' with options: MigrationsAssembly=Ecommercetask.Data 
  2022-07-14 20:00:04,420
 - MESSAGE: Executed DbCommand (2ms) [Parameters=[@__request_Product_Id_0='?' (DbType = Int32)], CommandType='Text', CommandTimeout='30']
SELECT [d].[id], [d].[created_at], [d].[is_active], [d].[product_id], [d].[type], [d].[updated_at], [d].[value]
FROM [Discount] AS [d]
WHERE [d].[product_id] = @__request_Product_Id_0
  2022-07-14 20:00:04,451
 - MESSAGE: Entity Framework Core 6.0.5 initialized 'EcommerceSiteContext' using provider 'Microsoft.EntityFrameworkCore.SqlServer:6.0.5' with options: MigrationsAssembly=Ecommercetask.Data 
  2022-07-14 20:00:04,468
 - MESSAGE: Executed DbCommand (4ms) [Parameters=[@p0='?' (DbType = DateTime), @p1='?' (DbType = Int32), @p2='?' (DbType = Int32), @p3='?' (DbType = Int32), @p4='?' (DbType = Int32), @p5='?' (Size = 50) (DbType = AnsiString), @p6='?' (DbType = DateTime)], CommandType='Text', CommandTimeout='30']
SET NOCOUNT ON;
INSERT INTO [Order_Details] ([created_at], [discount_id], [order_id], [product_id], [quantity], [status], [updated_at])
VALUES (@p0, @p1, @p2, @p3, @p4, @p5, @p6);
SELECT [id]
FROM [Order_Details]
WHERE @@ROWCOUNT = 1 AND [id] = scope_identity();
  2022-07-14 20:00:06,295
 - MESSAGE: Entity Framework Core 6.0.5 initialized 'EcommerceSiteContext' using provider 'Microsoft.EntityFrameworkCore.SqlServer:6.0.5' with options: MigrationsAssembly=Ecommercetask.Data 
  2022-07-14 20:00:06,301
 - MESSAGE: Executed DbCommand (2ms) [Parameters=[@__request_Id_0='?' (DbType = Int32)], CommandType='Text', CommandTimeout='30']
SELECT TOP(1) [o].[id], [o].[created_at], [o].[total_amount], [o].[total_discount], [o].[updated_at], [o].[user_id]
FROM [Order] AS [o]
WHERE [o].[id] = @__request_Id_0
  2022-07-14 20:00:45,669
 - MESSAGE: Entity Framework Core 6.0.5 initialized 'EcommerceSiteContext' using provider 'Microsoft.EntityFrameworkCore.SqlServer:6.0.5' with options: MigrationsAssembly=Ecommercetask.Data 
  2022-07-14 20:00:45,695
 - MESSAGE: Executed DbCommand (7ms) [Parameters=[@p0='?' (Size = 20) (DbType = AnsiString), @p1='?' (Size = 100) (DbType = AnsiString), @p2='?' (Size = 100) (DbType = AnsiString), @p3='?' (Size = 100) (DbType = AnsiString), @p4='?' (DbType = Int32), @p5='?' (Size = 20) (DbType = AnsiString), @p6='?' (Size = 100) (DbType = AnsiString), @p7='?' (Size = 100) (DbType = AnsiString), @p8='?' (DbType = Int32)], CommandType='Text', CommandTimeout='30']
SET NOCOUNT ON;
INSERT INTO [Address] ([address_type], [city], [country], [house], [order_id], [pincode], [state], [street], [user_id])
VALUES (@p0, @p1, @p2, @p3, @p4, @p5, @p6, @p7, @p8);
SELECT [id]
FROM [Address]
WHERE @@ROWCOUNT = 1 AND [id] = scope_identity();
 